<?xml version="1.0" encoding="UTF-8"?>
<testsuite name="sia.knights.BraveKnightTest" tests="1" skipped="0" failures="0" errors="0" timestamp="2016-05-08T16:32:50" hostname="asimov404" time="0.202">
  <properties/>
  <testcase name="knightShouldEmbarkOnQuest" classname="sia.knights.BraveKnightTest" time="0.202"/>
  <system-out><![CDATA[]]></system-out>
  <system-err><![CDATA[]]></system-err>
</testsuite>
