<?xml version="1.0" encoding="UTF-8"?>
<testsuite name="sia.knights.KnightJavaConfigInjectionTest" tests="1" skipped="0" failures="0" errors="0" timestamp="2016-05-08T16:32:50" hostname="asimov404" time="0.933">
  <properties/>
  <testcase name="shouldInjectKnightWithSlayDragonQuest" classname="sia.knights.KnightJavaConfigInjectionTest" time="0.933"/>
  <system-out><![CDATA[11:32:50,826  INFO ramework.test.context.TestContextManager: 242 - Could not instantiate TestExecutionListener [org.springframework.test.context.web.ServletTestExecutionListener]. Specify custom listener classes or make the default listener classes (and their required dependencies) available. Offending class: [javax/servlet/ServletContext]
11:32:50,831  INFO ramework.test.context.TestContextManager: 242 - Could not instantiate TestExecutionListener [org.springframework.test.context.transaction.TransactionalTestExecutionListener]. Specify custom listener classes or make the default listener classes (and their required dependencies) available. Offending class: [org/springframework/transaction/interceptor/TransactionAttribute]
11:32:51,019  INFO ontext.support.GenericApplicationContext: 515 - Refreshing org.springframework.context.support.GenericApplicationContext@7a5e9f7e: startup date [Sun May 08 11:32:51 COT 2016]; root of context hierarchy
]]></system-out>
  <system-err><![CDATA[]]></system-err>
</testsuite>
